<?xml version="1.0" encoding="UTF-8"?>
<testsuite xmlns:xsi="http://www.w3.org/2001/XMLSchema-instance" xsi:noNamespaceSchemaLocation="https://maven.apache.org/surefire/maven-surefire-plugin/xsd/surefire-test-report-3.0.xsd" version="3.0" name="com.tdm.api.event.TDMPlayerDeathEventTest" time="0.129" tests="4" errors="0" skipped="0" failures="0">
  <properties>
[...]
</properties>
  <testcase name="constructor_environmentalDeath" classname="com.tdm.api.event.TDMPlayerDeathEventTest" time="0.124"/>
  <testcase name="constructor_nullKiller" classname="com.tdm.api.event.TDMPlayerDeathEventTest" time="0.001"/>
  <testcase name="constructor_setsAllFields" classname="com.tdm.api.event.TDMPlayerDeathEventTest" time="0.0"/>
  <testcase name="getHandlers_returnsStaticHandlerList" classname="com.tdm.api.event.TDMPlayerDeathEventTest" time="0.0"/>
</testsuite>